<?xml version="1.0" encoding="UTF-8"?>
<!-- Generated by org.testng.reporters.JUnitXMLReporter -->
<testsuite hostname="ICPL12425" ignored="0" name="android  Test" tests="2" failures="0" timestamp="16 Mar 2018 07:09:40 GMT" time="2.781" errors="0">
  <testcase name="SampleTest" time="2.102" classname="com.qmetry.qaf.automation.step.client.Scenario">
    <skipped/>
  </testcase> <!-- SampleTest -->
  <testcase name="SampleTest" time="0.6" classname="com.qmetry.qaf.automation.step.client.Scenario">
    <skipped/>
  </testcase> <!-- SampleTest -->
</testsuite> <!-- android  Test -->
